{
"/home/p3pt/dev/java/projects/spring-boot-angular2/frontend/src/app/app.component.ts":{"path":"/home/p3pt/dev/java/projects/spring-boot-angular2/frontend/src/app/app.component.ts","s":{"1":1,"2":1,"3":1,"4":1,"5":1,"6":1},"b":{},"f":{"1":1},"fnMap":{"1":{"name":"(anonymous_1)","line":5,"loc":{"start":{"line":5,"column":15},"end":{"line":5,"column":18}}}},"statementMap":{"1":{"start":{"line":2,"column":0},"end":{"line":2,"column":40}},"2":{"start":{"line":3,"column":0},"end":{"line":3,"column":44}},"3":{"start":{"line":4,"column":0},"end":{"line":8,"column":2}},"4":{"start":{"line":6,"column":8},"end":{"line":6,"column":43}},"5":{"start":{"line":9,"column":0},"end":{"line":16,"column":17}},"6":{"start":{"line":17,"column":0},"end":{"line":17,"column":36}}},"branchMap":{},"code":["\"use strict\";","const core_1 = require('@angular/core');","const router_1 = require('@angular/router');","let AppComponent = class AppComponent {","    constructor() {","        this.name = 'spring-boot-angular2';","    }","};","AppComponent = __decorate([","    core_1.Component({","        selector: 'spring-boot-angular2',","        template: '<router-outlet></router-outlet>',","        directives: [router_1.ROUTER_DIRECTIVES]","    }), ","    __metadata('design:paramtypes', [])","], AppComponent);","exports.AppComponent = AppComponent;",""],"l":{"2":1,"3":1,"4":1,"6":1,"9":1,"17":1}}}
